<?xml version="1.0" encoding="UTF-8"?>
<testng-results skipped="0" failed="0" ignored="0" total="1" passed="1">
  <reporter-output>
  </reporter-output>
  <suite name="Suite" duration-ms="9624" started-at="2017-09-14T08:45:24Z" finished-at="2017-09-14T08:45:33Z">
    <groups>
      <group name="cucumber">
        <method signature="AbstractTestNGCucumberTests.feature(cucumber.api.testng.CucumberFeatureWrapper)[pri:0, instance:com.cucumberframework.framework.runner.LoginRunner@3f49dace]" name="feature" class="cucumber.api.testng.AbstractTestNGCucumberTests"/>
      </group> <!-- cucumber -->
    </groups>
    <test name="LoginRunner" duration-ms="9624" started-at="2017-09-14T08:45:24Z" finished-at="2017-09-14T08:45:33Z">
      <class name="com.cucumberframework.framework.runner.LoginRunner">
        <test-method status="PASS" signature="setUpClass()[pri:0, instance:com.cucumberframework.framework.runner.LoginRunner@3f49dace]" name="setUpClass" is-config="true" duration-ms="180" started-at="2017-09-14T04:45:24Z" finished-at="2017-09-14T04:45:24Z">
          <reporter-output>
          </reporter-output>
        </test-method> <!-- setUpClass -->
        <test-method status="PASS" signature="feature(cucumber.api.testng.CucumberFeatureWrapper)[pri:0, instance:com.cucumberframework.framework.runner.LoginRunner@3f49dace]" name="feature" duration-ms="9296" started-at="2017-09-14T04:45:24Z" description="Runs Cucumber Feature" data-provider="features" finished-at="2017-09-14T04:45:33Z">
          <params>
            <param index="0">
              <value>
                <![CDATA[Login to Automation Practice website]]>
              </value>
            </param>
          </params>
          <reporter-output>
          </reporter-output>
        </test-method> <!-- feature -->
        <test-method status="PASS" signature="tearDownClass()[pri:0, instance:com.cucumberframework.framework.runner.LoginRunner@3f49dace]" name="tearDownClass" is-config="true" duration-ms="62" started-at="2017-09-14T04:45:33Z" finished-at="2017-09-14T04:45:33Z">
          <reporter-output>
          </reporter-output>
        </test-method> <!-- tearDownClass -->
      </class> <!-- com.cucumberframework.framework.runner.LoginRunner -->
    </test> <!-- LoginRunner -->
  </suite> <!-- Suite -->
</testng-results>
